temp patch: /var/tmp/portage/app-text/gspell-1.8.3/temp/libtool-elt.patch

Trying install-sh/1.5.6 patch
checking file /var/tmp/portage/app-text/gspell-1.8.3/work/gspell-1.8.3/install-sh
Hunk #1 FAILED at 240.
1 out of 1 hunk FAILED

Trying install-sh/1.5.4 patch
checking file /var/tmp/portage/app-text/gspell-1.8.3/work/gspell-1.8.3/install-sh
Hunk #1 FAILED at 246.
1 out of 1 hunk FAILED

Trying install-sh/1.5 patch
checking file /var/tmp/portage/app-text/gspell-1.8.3/work/gspell-1.8.3/install-sh
Hunk #1 FAILED at 192.
1 out of 1 hunk FAILED

Trying ltmain/1.5 patch
checking file /var/tmp/portage/app-text/gspell-1.8.3/work/gspell-1.8.3/ltmain.sh
Hunk #1 FAILED at 1854.
1 out of 1 hunk FAILED

Trying portage/2.2 patch
checking file /var/tmp/portage/app-text/gspell-1.8.3/work/gspell-1.8.3/ltmain.sh
Hunk #1 FAILED at 7410.
Hunk #2 succeeded at 10872 with fuzz 2 (offset 3396 lines).
1 out of 2 hunks FAILED

Trying portage/1.5.10 patch
checking file /var/tmp/portage/app-text/gspell-1.8.3/work/gspell-1.8.3/ltmain.sh
Hunk #1 FAILED at 3940.
Hunk #2 FAILED at 3975.
2 out of 2 hunks FAILED

Trying portage/1.4.0 patch
checking file /var/tmp/portage/app-text/gspell-1.8.3/work/gspell-1.8.3/ltmain.sh
Hunk #1 FAILED at 3940.
Hunk #2 FAILED at 3975.
2 out of 2 hunks FAILED

Trying portage/1.3.3 patch
checking file /var/tmp/portage/app-text/gspell-1.8.3/work/gspell-1.8.3/ltmain.sh
Hunk #1 FAILED at 3078.
1 out of 1 hunk FAILED

Trying portage/1.3.0c patch
checking file /var/tmp/portage/app-text/gspell-1.8.3/work/gspell-1.8.3/ltmain.sh
Hunk #1 FAILED at 3769.
Hunk #2 FAILED at 3799.
2 out of 2 hunks FAILED

Trying portage/1.2.0 patch
checking file /var/tmp/portage/app-text/gspell-1.8.3/work/gspell-1.8.3/ltmain.sh
Hunk #1 succeeded at 33 (offset 1 line).
patching file /var/tmp/portage/app-text/gspell-1.8.3/work/gspell-1.8.3/ltmain.sh
Hunk #1 succeeded at 33 (offset 1 line).

Trying relink/1.4.3 patch
checking file /var/tmp/portage/app-text/gspell-1.8.3/work/gspell-1.8.3/ltmain.sh
Hunk #1 FAILED at 745.
Hunk #2 succeeded at 6812 with fuzz 2 (offset 5937 lines).
Hunk #3 succeeded at 6949 (offset 5968 lines).
Hunk #4 FAILED at 1861.
Hunk #5 FAILED at 1871.
Hunk #6 FAILED at 3833.
Hunk #7 FAILED at 4134.
5 out of 7 hunks FAILED

Trying relink/1.4.2 patch
checking file /var/tmp/portage/app-text/gspell-1.8.3/work/gspell-1.8.3/ltmain.sh
Hunk #1 FAILED at 754.
Hunk #2 succeeded at 6812 with fuzz 2 (offset 5928 lines).
Hunk #3 succeeded at 6949 (offset 5959 lines).
Hunk #4 succeeded at 8251 with fuzz 2 (offset 6375 lines).
Hunk #5 FAILED at 1897.
Hunk #6 FAILED at 3867.
Hunk #7 FAILED at 4168.
4 out of 7 hunks FAILED

Trying relink/1.4.1 patch
checking file /var/tmp/portage/app-text/gspell-1.8.3/work/gspell-1.8.3/ltmain.sh
Hunk #1 FAILED at 827.
Hunk #2 succeeded at 6812 with fuzz 2 (offset 5853 lines).
Hunk #3 succeeded at 6949 (offset 5777 lines).
Hunk #4 FAILED at 2241.
Hunk #5 FAILED at 2251.
Hunk #6 FAILED at 4331.
Hunk #7 FAILED at 4632.
Hunk #8 FAILED at 4792.
6 out of 8 hunks FAILED

Trying relink/1.4.0a-GCC3.0-2 patch
checking file /var/tmp/portage/app-text/gspell-1.8.3/work/gspell-1.8.3/ltmain.sh
Hunk #1 FAILED at 754.
Hunk #2 succeeded at 6812 with fuzz 2 (offset 5928 lines).
Hunk #3 succeeded at 6949 (offset 5959 lines).
Hunk #4 succeeded at 8251 with fuzz 2 (offset 6375 lines).
Hunk #5 FAILED at 1897.
Hunk #6 FAILED at 3867.
Hunk #7 FAILED at 4168.
4 out of 7 hunks FAILED

Trying relink/1.4.0a-GCC3.0-1 patch
checking file /var/tmp/portage/app-text/gspell-1.8.3/work/gspell-1.8.3/ltmain.sh
Hunk #1 FAILED at 754.
Hunk #2 succeeded at 6812 with fuzz 2 (offset 5928 lines).
Hunk #3 succeeded at 6949 (offset 5959 lines).
Hunk #4 succeeded at 8251 with fuzz 2 (offset 6375 lines).
Hunk #5 FAILED at 1897.
Hunk #6 FAILED at 3867.
Hunk #7 FAILED at 4168.
4 out of 7 hunks FAILED

Trying relink/1.4.0a patch
checking file /var/tmp/portage/app-text/gspell-1.8.3/work/gspell-1.8.3/ltmain.sh
Hunk #1 FAILED at 754.
Hunk #2 succeeded at 6812 with fuzz 2 (offset 5928 lines).
Hunk #3 succeeded at 6949 (offset 5959 lines).
Hunk #4 succeeded at 8251 with fuzz 2 (offset 6375 lines).
Hunk #5 FAILED at 1897.
Hunk #6 FAILED at 3867.
Hunk #7 FAILED at 4168.
4 out of 7 hunks FAILED

Trying max_cmd_len/1.5.20 patch
checking file /var/tmp/portage/app-text/gspell-1.8.3/work/gspell-1.8.3/ltmain.sh
Hunk #1 FAILED at 136.
1 out of 1 hunk FAILED

Trying max_cmd_len/1.5.14 patch
checking file /var/tmp/portage/app-text/gspell-1.8.3/work/gspell-1.8.3/ltmain.sh
Hunk #1 FAILED at 136.
1 out of 1 hunk FAILED

Trying max_cmd_len/1.5.0 patch
checking file /var/tmp/portage/app-text/gspell-1.8.3/work/gspell-1.8.3/ltmain.sh
Hunk #1 FAILED at 117.
1 out of 1 hunk FAILED

Trying sed/1.5.6 patch
checking file /var/tmp/portage/app-text/gspell-1.8.3/work/gspell-1.8.3/ltmain.sh
Hunk #1 succeeded at 125 with fuzz 2 (offset 86 lines).
patching file /var/tmp/portage/app-text/gspell-1.8.3/work/gspell-1.8.3/ltmain.sh
Hunk #1 succeeded at 125 with fuzz 2 (offset 86 lines).

Trying test/1.4.2 patch
checking file /var/tmp/portage/app-text/gspell-1.8.3/work/gspell-1.8.3/ltmain.sh
Hunk #1 FAILED at 467.
Hunk #2 FAILED at 1303.
Hunk #3 FAILED at 1366.
Hunk #4 FAILED at 1383.
Hunk #5 FAILED at 1407.
Hunk #6 FAILED at 1416.
Hunk #7 FAILED at 1440.
Hunk #8 FAILED at 1453.
Hunk #9 FAILED at 1474.
Hunk #10 FAILED at 1485.
Hunk #11 FAILED at 1501.
Hunk #12 FAILED at 1535.
Hunk #13 FAILED at 1560.
Hunk #14 FAILED at 1578.
Hunk #15 FAILED at 1627.
Hunk #16 FAILED at 1646.
Hunk #17 FAILED at 1657.
Hunk #18 FAILED at 1673.
Hunk #19 FAILED at 1694.
Hunk #20 FAILED at 1716.
Hunk #21 FAILED at 1798.
Hunk #22 FAILED at 1849.
Hunk #23 FAILED at 1866.
Hunk #24 FAILED at 1888.
Hunk #25 FAILED at 1896.
Hunk #26 FAILED at 1955.
Hunk #27 FAILED at 1987.
Hunk #28 FAILED at 2030.
Hunk #29 FAILED at 2096.
Hunk #30 FAILED at 2173.
Hunk #31 FAILED at 2240.
Hunk #32 FAILED at 2279.
Hunk #33 FAILED at 2302.
Hunk #34 FAILED at 2403.
Hunk #35 FAILED at 2446.
Hunk #36 FAILED at 2487.
Hunk #37 FAILED at 2521.
Hunk #38 FAILED at 2692.
Hunk #39 FAILED at 2719.
Hunk #40 FAILED at 2850.
Hunk #41 FAILED at 2869.
Hunk #42 FAILED at 2989.
Hunk #43 FAILED at 3008.
Hunk #44 FAILED at 3403.
Hunk #45 FAILED at 3528.
Hunk #46 FAILED at 3771.
Hunk #47 FAILED at 3791.
Hunk #48 FAILED at 3858.
Hunk #49 FAILED at 3948.
Hunk #50 FAILED at 4084.
Hunk #51 FAILED at 4186.
Hunk #52 FAILED at 4444.
Hunk #53 FAILED at 4610.
Hunk #54 FAILED at 4660.
Hunk #55 FAILED at 4695.
Hunk #56 FAILED at 4706.
Hunk #57 FAILED at 4721.
Hunk #58 FAILED at 4741.
58 out of 58 hunks FAILED

Trying test/1.4.0 patch
checking file /var/tmp/portage/app-text/gspell-1.8.3/work/gspell-1.8.3/ltmain.sh
Hunk #1 FAILED at 459.
Hunk #2 FAILED at 1343.
Hunk #3 FAILED at 1360.
Hunk #4 FAILED at 1384.
Hunk #5 FAILED at 1393.
Hunk #6 FAILED at 1417.
Hunk #7 FAILED at 1430.
Hunk #8 FAILED at 1451.
Hunk #9 FAILED at 1462.
Hunk #10 FAILED at 1512.
Hunk #11 FAILED at 1537.
Hunk #12 FAILED at 1555.
Hunk #13 FAILED at 1604.
Hunk #14 FAILED at 1623.
Hunk #15 FAILED at 1634.
Hunk #16 FAILED at 1671.
Hunk #17 FAILED at 1693.
Hunk #18 FAILED at 1777.
Hunk #19 FAILED at 1826.
Hunk #20 FAILED at 1843.
Hunk #21 FAILED at 1865.
Hunk #22 FAILED at 1873.
Hunk #23 FAILED at 1932.
Hunk #24 FAILED at 1964.
Hunk #25 FAILED at 2007.
Hunk #26 FAILED at 2073.
Hunk #27 FAILED at 2410.
Hunk #28 FAILED at 2683.
28 out of 28 hunks FAILED

Trying tmp/1.3.5 patch
checking file /var/tmp/portage/app-text/gspell-1.8.3/work/gspell-1.8.3/ltmain.sh
Hunk #1 FAILED at 3462.
1 out of 1 hunk FAILED

Trying as-needed/2.4.3 patch
checking file /var/tmp/portage/app-text/gspell-1.8.3/work/gspell-1.8.3/ltmain.sh
Hunk #2 succeeded at 7616 (offset 2 lines).
patching file /var/tmp/portage/app-text/gspell-1.8.3/work/gspell-1.8.3/ltmain.sh
Hunk #2 succeeded at 7616 (offset 2 lines).

Trying target-nm/2.4.2 patch
checking file /var/tmp/portage/app-text/gspell-1.8.3/work/gspell-1.8.3/ltmain.sh
Hunk #1 FAILED at 3397.
1 out of 1 hunk FAILED

Trying ppc64le/2.4.4 patch
checking file /var/tmp/portage/app-text/gspell-1.8.3/work/gspell-1.8.3/ltmain.sh
Hunk #1 FAILED at 1386.
1 out of 1 hunk FAILED

Trying ppc64le/2.4.2 patch
checking file /var/tmp/portage/app-text/gspell-1.8.3/work/gspell-1.8.3/ltmain.sh
Hunk #1 FAILED at 1329.
Hunk #2 FAILED at 1345.
2 out of 2 hunks FAILED

Trying uclibc-conf/1.3.0c patch
checking file /var/tmp/portage/app-text/gspell-1.8.3/work/gspell-1.8.3/ltmain.sh
Hunk #1 FAILED at 1978.
Hunk #2 FAILED at 3030.
Hunk #3 FAILED at 4504.
3 out of 3 hunks FAILED

Trying uclibc-conf/1.2.0 patch
checking file /var/tmp/portage/app-text/gspell-1.8.3/work/gspell-1.8.3/ltmain.sh
Hunk #1 FAILED at 1978.
Hunk #2 FAILED at 3030.
Hunk #3 FAILED at 4504.
3 out of 3 hunks FAILED

Trying target-nm/2.4.2 patch
checking file /var/tmp/portage/app-text/gspell-1.8.3/work/gspell-1.8.3/configure
Reversed (or previously applied) patch detected!  Assume -R? [n] 
Apply anyway? [n] 
Skipping patch.
1 out of 1 hunk ignored

Trying ppc64le/2.4.4 patch
checking file /var/tmp/portage/app-text/gspell-1.8.3/work/gspell-1.8.3/configure
Hunk #1 succeeded at 7420 (offset 6034 lines).
patching file /var/tmp/portage/app-text/gspell-1.8.3/work/gspell-1.8.3/configure
Hunk #1 succeeded at 7420 (offset 6034 lines).
